#
# There is insufficient memory for the Java Runtime Environment to continue.
# Native memory allocation (malloc) failed to allocate 1491856 bytes for Chunk::new
# Possible reasons:
#   The system is out of physical RAM or swap space
#   The process is running with CompressedOops enabled, and the Java Heap may be blocking the growth of the native heap
# Possible solutions:
#   Reduce memory load on the system
#   Increase physical memory or swap space
#   Check if swap backing store is full
#   Decrease Java heap size (-Xmx/-Xms)
#   Decrease number of Java threads
#   Decrease Java thread stack sizes (-Xss)
#   Set larger code cache with -XX:ReservedCodeCacheSize=
#   JVM is running with Unscaled Compressed Oops mode in which the Java heap is
#     placed in the first 4GB address space. The Java Heap base address is the
#     maximum limit for the native heap growth. Please use -XX:HeapBaseMinAddress
#     to set the Java Heap base and to place the Java Heap above 4GB virtual address.
# This output file may be truncated or incomplete.
#
#  Out of Memory Error (arena.cpp:189), pid=10668, tid=12412
#
# JRE version: OpenJDK Runtime Environment Temurin-17.0.8.1+1 (17.0.8.1+1) (build 17.0.8.1+1)
# Java VM: OpenJDK 64-Bit Server VM Temurin-17.0.8.1+1 (17.0.8.1+1, mixed mode, tiered, compressed oops, compressed class ptrs, parallel gc, windows-amd64)
# No core dump will be written. Minidumps are not enabled by default on client versions of Windows
#

---------------  S U M M A R Y ------------

Command Line: --add-modules=ALL-SYSTEM --add-opens=java.base/java.util=ALL-UNNAMED --add-opens=java.base/java.lang=ALL-UNNAMED --add-opens=java.base/sun.nio.fs=ALL-UNNAMED -Declipse.application=org.eclipse.jdt.ls.core.id1 -Dosgi.bundles.defaultStartLevel=4 -Declipse.product=org.eclipse.jdt.ls.core.product -Djava.import.generatesMetadataFilesAtProjectRoot=false -DDetectVMInstallationsJob.disabled=true -Dfile.encoding=utf8 -XX:+UseParallelGC -XX:GCTimeRatio=4 -XX:AdaptiveSizePolicyWeight=90 -Dsun.zip.disableMemoryMapping=true -Xmx1G -Xms100m -Xlog:disable -javaagent:c:\Users\samsung\.vscode\extensions\redhat.java-1.24.0-win32-x64\lombok\lombok-1.18.30.jar -XX:+HeapDumpOnOutOfMemoryError -XX:HeapDumpPath=c:\Users\samsung\AppData\Roaming\Code\User\workspaceStorage\d710593f1daf7342bfd89a5feb1447e8\redhat.java -Daether.dependencyCollector.impl=bf -Xmx512M c:\Users\samsung\.vscode\extensions\redhat.java-1.24.0-win32-x64\server\plugins\org.eclipse.equinox.launcher_1.6.500.v20230717-2134.jar -configuration c:\Users\samsung\AppData\Roaming\Code\User\globalStorage\redhat.java\1.24.0\config_win -data c:\Users\samsung\AppData\Roaming\Code\User\workspaceStorage\d710593f1daf7342bfd89a5feb1447e8\redhat.java\jdt_ws --stdio

Host: Intel(R) Core(TM) i7-4710HQ CPU @ 2.50GHz, 8 cores, 15G,  Windows 10 , 64 bit Build 19041 (10.0.19041.3570)
Time: Wed Nov 15 20:09:07 2023 Maroc (heure d64 bit Build 19041 (10.0.19041.3570) elapsed time: 15.187481 seconds (0d 0h 0m 15s)

---------------  T H R E A D  ---------------

Current thread (0x00000242798de9e0):  JavaThread "C2 CompilerThread0" daemon [_thread_in_native, id=12412, stack(0x000000622c200000,0x000000622c300000)]


Current CompileTask:
C2:  15187 4960   !   4       org.eclipse.osgi.internal.loader.classpath.ClasspathManager::findClassImpl (308 bytes)

Stack: [0x000000622c200000,0x000000622c300000]
Native frames: (J=compiled Java code, j=interpreted, Vv=VM code, C=native code)
V  [jvm.dll+0x678b0a]
V  [jvm.dll+0x835e84]
V  [jvm.dll+0x83762e]
V  [jvm.dll+0x837c93]
V  [jvm.dll+0x24746f]
V  [jvm.dll+0xac20c]
V  [jvm.dll+0xac7dc]
V  [jvm.dll+0x365c52]
V  [jvm.dll+0x1bd012]
V  [jvm.dll+0x219d49]
V  [jvm.dll+0x219011]
V  [jvm.dll+0x1a534d]
V  [jvm.dll+0x228d8a]
V  [jvm.dll+0x226dcc]
V  [jvm.dll+0x7ec09b]
V  [jvm.dll+0x7e64ca]
V  [jvm.dll+0x677955]
C  [ucrtbase.dll+0x21bb2]
C  [KERNEL32.DLL+0x17344]
C  [ntdll.dll+0x526b1]


---------------  P R O C E S S  ---------------

Threads class SMR info:
_java_thread_list=0x000002427b20b1c0, length=31, elements={
0x000002426ea91dd0, 0x00000242745a0a10, 0x00000242745a2440, 0x00000242798d3120,
0x00000242798d3eb0, 0x00000242798d72f0, 0x00000242798da8e0, 0x00000242798de9e0,
0x00000242745abea0, 0x00000242745acb60, 0x00000242799f8040, 0x0000024279c34860,
0x000002427b1c14d0, 0x000002427b376cf0, 0x000002427b24ad60, 0x000002427b7bf580,
0x000002427b0d58b0, 0x000002427b0d9060, 0x000002427b0d7200, 0x000002427b0d62d0,
0x000002427b0d7c20, 0x000002427b0d8b50, 0x000002427b0d7710, 0x000002427b0d8130,
0x000002427b50ffb0, 0x000002427b50cd10, 0x000002427b512d40, 0x000002427b50d220,
0x000002427b50d730, 0x000002427b50b8d0, 0x000002427c5f3fe0
}

Java Threads: ( => current thread )
  0x000002426ea91dd0 JavaThread "main" [_thread_blocked, id=1512, stack(0x000000622b900000,0x000000622ba00000)]
  0x00000242745a0a10 JavaThread "Reference Handler" daemon [_thread_blocked, id=3964, stack(0x000000622bc00000,0x000000622bd00000)]
  0x00000242745a2440 JavaThread "Finalizer" daemon [_thread_blocked, id=6012, stack(0x000000622bd00000,0x000000622be00000)]
  0x00000242798d3120 JavaThread "Signal Dispatcher" daemon [_thread_blocked, id=15924, stack(0x000000622be00000,0x000000622bf00000)]
  0x00000242798d3eb0 JavaThread "Attach Listener" daemon [_thread_blocked, id=16024, stack(0x000000622bf00000,0x000000622c000000)]
  0x00000242798d72f0 JavaThread "Service Thread" daemon [_thread_blocked, id=16340, stack(0x000000622c000000,0x000000622c100000)]
  0x00000242798da8e0 JavaThread "Monitor Deflation Thread" daemon [_thread_blocked, id=14200, stack(0x000000622c100000,0x000000622c200000)]
=>0x00000242798de9e0 JavaThread "C2 CompilerThread0" daemon [_thread_in_native, id=12412, stack(0x000000622c200000,0x000000622c300000)]
  0x00000242745abea0 JavaThread "C1 CompilerThread0" daemon [_thread_in_native, id=11112, stack(0x000000622c300000,0x000000622c400000)]
  0x00000242745acb60 JavaThread "Sweeper thread" daemon [_thread_blocked, id=8652, stack(0x000000622c400000,0x000000622c500000)]
  0x00000242799f8040 JavaThread "Common-Cleaner" daemon [_thread_blocked, id=1652, stack(0x000000622c500000,0x000000622c600000)]
  0x0000024279c34860 JavaThread "Notification Thread" daemon [_thread_blocked, id=3060, stack(0x000000622c600000,0x000000622c700000)]
  0x000002427b1c14d0 JavaThread "Active Thread: Equinox Container: d3a7ecd5-acd6-4626-9c21-b48b0defbcea" [_thread_blocked, id=7016, stack(0x000000622cf00000,0x000000622d000000)]
  0x000002427b376cf0 JavaThread "Framework Event Dispatcher: Equinox Container: d3a7ecd5-acd6-4626-9c21-b48b0defbcea" daemon [_thread_blocked, id=12084, stack(0x000000622d100000,0x000000622d200000)]
  0x000002427b24ad60 JavaThread "Start Level: Equinox Container: d3a7ecd5-acd6-4626-9c21-b48b0defbcea" daemon [_thread_blocked, id=740, stack(0x000000622d200000,0x000000622d300000)]
  0x000002427b7bf580 JavaThread "Bundle File Closer" daemon [_thread_blocked, id=10884, stack(0x000000622d000000,0x000000622d100000)]
  0x000002427b0d58b0 JavaThread "SCR Component Actor" daemon [_thread_blocked, id=9788, stack(0x000000622d400000,0x000000622d500000)]
  0x000002427b0d9060 JavaThread "Worker-JM" [_thread_blocked, id=9304, stack(0x000000622d500000,0x000000622d600000)]
  0x000002427b0d7200 JavaThread "Worker-0: Building" [_thread_blocked, id=15624, stack(0x000000622d600000,0x000000622d700000)]
  0x000002427b0d62d0 JavaThread "Worker-1: Repository registry initialization" [_thread_in_Java, id=1636, stack(0x000000622d700000,0x000000622d800000)]
  0x000002427b0d7c20 JavaThread "Worker-2: Processing Java changes since last activation" [_thread_blocked, id=3376, stack(0x000000622d800000,0x000000622d900000)]
  0x000002427b0d8b50 JavaThread "Java indexing" daemon [_thread_blocked, id=9680, stack(0x000000622da00000,0x000000622db00000)]
  0x000002427b0d7710 JavaThread "Worker-3: Updating workspace" [_thread_blocked, id=1764, stack(0x000000622db00000,0x000000622dc00000)]
  0x000002427b0d8130 JavaThread "Worker-4" [_thread_blocked, id=5844, stack(0x000000622dd00000,0x000000622de00000)]
  0x000002427b50ffb0 JavaThread "JNA Cleaner" daemon [_thread_blocked, id=10232, stack(0x000000622dc00000,0x000000622dd00000)]
  0x000002427b50cd10 JavaThread "pool-2-thread-1" [_thread_blocked, id=7788, stack(0x000000622e100000,0x000000622e200000)]
  0x000002427b512d40 JavaThread "WorkspaceEventsHandler" [_thread_blocked, id=1864, stack(0x000000622e000000,0x000000622e100000)]
  0x000002427b50d220 JavaThread "pool-1-thread-1" [_thread_blocked, id=3648, stack(0x000000622e200000,0x000000622e300000)]
  0x000002427b50d730 JavaThread "Worker-5" [_thread_blocked, id=7800, stack(0x000000622d900000,0x000000622da00000)]
  0x000002427b50b8d0 JavaThread "Worker-6" [_thread_blocked, id=14520, stack(0x000000622ce00000,0x000000622cf00000)]
  0x000002427c5f3fe0 JavaThread "C2 CompilerThread1" daemon [_thread_in_native, id=13248, stack(0x000000622e300000,0x000000622e400000)]

Other Threads:
  0x000002426eb46950 VMThread "VM Thread" [stack: 0x000000622bb00000,0x000000622bc00000] [id=11384]
  0x0000024279c2fb80 WatcherThread [stack: 0x000000622c700000,0x000000622c800000] [id=2792]
  0x000002426eaa5650 GCTaskThread "GC Thread#0" [stack: 0x000000622ba00000,0x000000622bb00000] [id=5364]
  0x000002427a9160d0 GCTaskThread "GC Thread#1" [stack: 0x000000622c800000,0x000000622c900000] [id=8648]
  0x000002427b0487b0 GCTaskThread "GC Thread#2" [stack: 0x000000622c900000,0x000000622ca00000] [id=8960]
  0x000002427ac25c70 GCTaskThread "GC Thread#3" [stack: 0x000000622ca00000,0x000000622cb00000] [id=2164]
  0x000002427ac25f30 GCTaskThread "GC Thread#4" [stack: 0x000000622cb00000,0x000000622cc00000] [id=13036]
  0x000002427ad214b0 GCTaskThread "GC Thread#5" [stack: 0x000000622cc00000,0x000000622cd00000] [id=13100]
  0x000002427ad21770 GCTaskThread "GC Thread#6" [stack: 0x000000622cd00000,0x000000622ce00000] [id=11176]
  0x000002427b5634c0 GCTaskThread "GC Thread#7" [stack: 0x000000622d300000,0x000000622d400000] [id=1128]

Threads with active compile tasks:
C2 CompilerThread0    15222 4960   !   4       org.eclipse.osgi.internal.loader.classpath.ClasspathManager::findClassImpl (308 bytes)
C1 CompilerThread0    15222 5209       3       com.google.inject.internal.asm.$SymbolTable::addConstantMemberReference (147 bytes)
C2 CompilerThread1    15222 5206       4       java.util.Comparator$$Lambda$141/0x00000001001d9010::compare (10 bytes)

VM state: not at safepoint (normal execution)

VM Mutex/Monitor currently owned by a thread: None

Heap address: 0x00000000e0000000, size: 512 MB, Compressed Oops mode: 32-bit

CDS archive(s) not mapped
Compressed class space mapped at: 0x0000000100000000-0x0000000140000000, reserved size: 1073741824
Narrow klass base: 0x0000000000000000, Narrow klass shift: 3, Narrow klass range: 0x140000000

GC Precious Log:
 CPUs: 8 total, 8 available
 Memory: 16299M
 Large Page Support: Disabled
 NUMA Support: Disabled
 Compressed Oops: Enabled (32-bit)
 Alignments: Space 512K, Generation 512K, Heap 2M
 Heap Min Capacity: 100M
 Heap Initial Capacity: 100M
 Heap Max Capacity: 512M
 Pre-touch: Disabled
 Parallel Workers: 8

Heap:
 PSYoungGen      total 23552K, used 23212K [0x00000000f5580000, 0x00000000f7100000, 0x0000000100000000)
  eden space 22016K, 98% used [0x00000000f5580000,0x00000000f6aab298,0x00000000f6b00000)
  from space 1536K, 99% used [0x00000000f6d00000,0x00000000f6e7fe58,0x00000000f6e80000)
  to   space 2560K, 0% used [0x00000000f6e80000,0x00000000f6e80000,0x00000000f7100000)
 ParOldGen       total 68608K, used 17720K [0x00000000e0000000, 0x00000000e4300000, 0x00000000f5580000)
  object space 68608K, 25% used [0x00000000e0000000,0x00000000e114e268,0x00000000e4300000)
 Metaspace       used 48682K, committed 49728K, reserved 1114112K
  class space    used 5260K, committed 5760K, reserved 1048576K

Card table byte_map: [0x00000242730f0000,0x0000024273200000] _byte_map_base: 0x00000242729f0000

Marking Bits: (ParMarkBitMap*) 0x00007ff9a6aa83a0
 Begin Bits: [0x00000242732b0000, 0x0000024273ab0000)
 End Bits:   [0x0000024273ab0000, 0x00000242742b0000)

Polling page: 0x000002426eb50000

Metaspace:

Usage:
  Non-class:     42.40 MB used.
      Class:      5.14 MB used.
       Both:     47.54 MB used.

Virtual space:
  Non-class space:       64.00 MB reserved,      42.94 MB ( 67%) committed,  1 nodes.
      Class space:        1.00 GB reserved,       5.62 MB ( <1%) committed,  1 nodes.
             Both:        1.06 GB reserved,      48.56 MB (  4%) committed. 

Chunk freelists:
   Non-Class:  4.95 MB
       Class:  10.36 MB
        Both:  15.31 MB

MaxMetaspaceSize: unlimited
CompressedClassSpaceSize: 1.00 GB
Initial GC threshold: 21.00 MB
Current GC threshold: 58.38 MB
CDS: off
MetaspaceReclaimPolicy: balanced
 - commit_granule_bytes: 65536.
 - commit_granule_words: 8192.
 - virtual_space_node_default_size: 8388608.
 - enlarge_chunks_in_place: 1.
 - new_chunks_are_fully_committed: 0.
 - uncommit_free_chunks: 1.
 - use_allocation_guard: 0.
 - handle_deallocations: 1.


Internal statistics:

num_allocs_failed_limit: 6.
num_arena_births: 688.
num_arena_deaths: 14.
num_vsnodes_births: 2.
num_vsnodes_deaths: 0.
num_space_committed: 777.
num_space_uncommitted: 0.
num_chunks_returned_to_freelist: 20.
num_chunks_taken_from_freelist: 2534.
num_chunk_merges: 10.
num_chunk_splits: 1568.
num_chunks_enlarged: 892.
num_inconsistent_stats: 0.

CodeHeap 'non-profiled nmethods': size=120000Kb used=2063Kb max_used=2396Kb free=117936Kb
 bounds [0x0000024207ad0000, 0x0000024207d40000, 0x000002420f000000]
CodeHeap 'profiled nmethods': size=120000Kb used=8877Kb max_used=10460Kb free=111122Kb
 bounds [0x0000024200000000, 0x0000024200a40000, 0x0000024207530000]
CodeHeap 'non-nmethods': size=5760Kb used=1279Kb max_used=1351Kb free=4480Kb
 bounds [0x0000024207530000, 0x00000242077a0000, 0x0000024207ad0000]
 total_blobs=5049 nmethods=4446 adapters=517
 compilation: enabled
              stopped_count=0, restarted_count=0
 full_count=0

Compilation events (20 events):
Event: 15.152 Thread 0x00000242745abea0 5146       3       java.lang.reflect.Executable::getDeclaredAnnotations (8 bytes)
Event: 15.153 Thread 0x00000242745abea0 nmethod 5146 0x00000242001fd090 code [0x00000242001fd260, 0x00000242001fd688]
Event: 15.153 Thread 0x00000242745abea0 5141       1       com.google.inject.internal.KotlinSupport$KotlinUnsupported::isLocalClass (2 bytes)
Event: 15.153 Thread 0x00000242745abea0 nmethod 5141 0x0000024207b39910 code [0x0000024207b39aa0, 0x0000024207b39b78]
Event: 15.153 Thread 0x00000242745abea0 5147       3       java.lang.Class::isMemberClass (20 bytes)
Event: 15.153 Thread 0x00000242745abea0 nmethod 5147 0x000002420029dc10 code [0x000002420029dde0, 0x000002420029e108]
Event: 15.174 Thread 0x000002427c5f3fe0 5148       4       java.lang.invoke.MemberName::getModifiers (8 bytes)
Event: 15.174 Thread 0x000002427c5f3fe0 nmethod 5148 0x0000024207b39610 code [0x0000024207b39780, 0x0000024207b397f8]
Event: 15.181 Thread 0x00000242745abea0 5149       3       com.google.inject.internal.asm.$SymbolTable::get (13 bytes)
Event: 15.181 Thread 0x00000242745abea0 nmethod 5149 0x000002420023f890 code [0x000002420023fa20, 0x000002420023fb78]
Event: 15.183 Thread 0x00000242745abea0 5150       3       com.google.inject.internal.asm.$ByteVector::putByte (39 bytes)
Event: 15.183 Thread 0x00000242745abea0 nmethod 5150 0x0000024200408d90 code [0x0000024200408f40, 0x0000024200409128]
Event: 15.183 Thread 0x00000242745abea0 5151       3       com.google.inject.internal.asm.$ByteVector::putUTF8 (144 bytes)
Event: 15.184 Thread 0x00000242745abea0 nmethod 5151 0x00000242001cd590 code [0x00000242001cd800, 0x00000242001ce348]
Event: 15.185 Thread 0x00000242745abea0 5152       3       com.google.inject.internal.asm.$SymbolTable::hash (10 bytes)
Event: 15.185 Thread 0x00000242745abea0 nmethod 5152 0x0000024200283410 code [0x00000242002835a0, 0x00000242002836c8]
Event: 15.185 Thread 0x00000242745abea0 5153       3       com.google.common.cache.LocalCache::recordsWrite (20 bytes)
Event: 15.185 Thread 0x00000242745abea0 nmethod 5153 0x0000024200408790 code [0x0000024200408940, 0x0000024200408c98]
Event: 15.185 Thread 0x00000242745abea0 5154       1       com.google.inject.spi.InjectionPoint::getMember (5 bytes)
Event: 15.185 Thread 0x00000242745abea0 nmethod 5154 0x0000024207b39310 code [0x0000024207b394a0, 0x0000024207b39578]

GC Heap History (20 events):
Event: 7.624 GC heap before
{Heap before GC invocations=6 (full 1):
 PSYoungGen      total 29696K, used 25600K [0x00000000f5580000, 0x00000000f7680000, 0x0000000100000000)
  eden space 25600K, 100% used [0x00000000f5580000,0x00000000f6e80000,0x00000000f6e80000)
  from space 4096K, 0% used [0x00000000f7280000,0x00000000f7280000,0x00000000f7680000)
  to   space 4096K, 0% used [0x00000000f6e80000,0x00000000f6e80000,0x00000000f7280000)
 ParOldGen       total 68608K, used 10509K [0x00000000e0000000, 0x00000000e4300000, 0x00000000f5580000)
  object space 68608K, 15% used [0x00000000e0000000,0x00000000e0a43660,0x00000000e4300000)
 Metaspace       used 24364K, committed 25024K, reserved 1114112K
  class space    used 2480K, committed 2752K, reserved 1048576K
}
Event: 7.627 GC heap after
{Heap after GC invocations=6 (full 1):
 PSYoungGen      total 27136K, used 1765K [0x00000000f5580000, 0x00000000f7500000, 0x0000000100000000)
  eden space 25088K, 0% used [0x00000000f5580000,0x00000000f5580000,0x00000000f6e00000)
  from space 2048K, 86% used [0x00000000f6e80000,0x00000000f70396c8,0x00000000f7080000)
  to   space 3584K, 0% used [0x00000000f7180000,0x00000000f7180000,0x00000000f7500000)
 ParOldGen       total 68608K, used 10517K [0x00000000e0000000, 0x00000000e4300000, 0x00000000f5580000)
  object space 68608K, 15% used [0x00000000e0000000,0x00000000e0a45660,0x00000000e4300000)
 Metaspace       used 24364K, committed 25024K, reserved 1114112K
  class space    used 2480K, committed 2752K, reserved 1048576K
}
Event: 9.001 GC heap before
{Heap before GC invocations=7 (full 1):
 PSYoungGen      total 27136K, used 26853K [0x00000000f5580000, 0x00000000f7500000, 0x0000000100000000)
  eden space 25088K, 100% used [0x00000000f5580000,0x00000000f6e00000,0x00000000f6e00000)
  from space 2048K, 86% used [0x00000000f6e80000,0x00000000f70396c8,0x00000000f7080000)
  to   space 3584K, 0% used [0x00000000f7180000,0x00000000f7180000,0x00000000f7500000)
 ParOldGen       total 68608K, used 10517K [0x00000000e0000000, 0x00000000e4300000, 0x00000000f5580000)
  object space 68608K, 15% used [0x00000000e0000000,0x00000000e0a45660,0x00000000e4300000)
 Metaspace       used 27360K, committed 28096K, reserved 1114112K
  class space    used 2826K, committed 3136K, reserved 1048576K
}
Event: 9.004 GC heap after
{Heap after GC invocations=7 (full 1):
 PSYoungGen      total 28160K, used 3184K [0x00000000f5580000, 0x00000000f7500000, 0x0000000100000000)
  eden space 24576K, 0% used [0x00000000f5580000,0x00000000f5580000,0x00000000f6d80000)
  from space 3584K, 88% used [0x00000000f7180000,0x00000000f749c218,0x00000000f7500000)
  to   space 3584K, 0% used [0x00000000f6e00000,0x00000000f6e00000,0x00000000f7180000)
 ParOldGen       total 68608K, used 10525K [0x00000000e0000000, 0x00000000e4300000, 0x00000000f5580000)
  object space 68608K, 15% used [0x00000000e0000000,0x00000000e0a47660,0x00000000e4300000)
 Metaspace       used 27360K, committed 28096K, reserved 1114112K
  class space    used 2826K, committed 3136K, reserved 1048576K
}
Event: 9.657 GC heap before
{Heap before GC invocations=8 (full 1):
 PSYoungGen      total 28160K, used 27760K [0x00000000f5580000, 0x00000000f7500000, 0x0000000100000000)
  eden space 24576K, 100% used [0x00000000f5580000,0x00000000f6d80000,0x00000000f6d80000)
  from space 3584K, 88% used [0x00000000f7180000,0x00000000f749c218,0x00000000f7500000)
  to   space 3584K, 0% used [0x00000000f6e00000,0x00000000f6e00000,0x00000000f7180000)
 ParOldGen       total 68608K, used 10525K [0x00000000e0000000, 0x00000000e4300000, 0x00000000f5580000)
  object space 68608K, 15% used [0x00000000e0000000,0x00000000e0a47660,0x00000000e4300000)
 Metaspace       used 30062K, committed 30848K, reserved 1114112K
  class space    used 2998K, committed 3328K, reserved 1048576K
}
Event: 9.660 GC heap after
{Heap after GC invocations=8 (full 1):
 PSYoungGen      total 27648K, used 3498K [0x00000000f5580000, 0x00000000f7500000, 0x0000000100000000)
  eden space 24064K, 0% used [0x00000000f5580000,0x00000000f5580000,0x00000000f6d00000)
  from space 3584K, 97% used [0x00000000f6e00000,0x00000000f716abc8,0x00000000f7180000)
  to   space 3584K, 0% used [0x00000000f7180000,0x00000000f7180000,0x00000000f7500000)
 ParOldGen       total 68608K, used 10533K [0x00000000e0000000, 0x00000000e4300000, 0x00000000f5580000)
  object space 68608K, 15% used [0x00000000e0000000,0x00000000e0a49660,0x00000000e4300000)
 Metaspace       used 30062K, committed 30848K, reserved 1114112K
  class space    used 2998K, committed 3328K, reserved 1048576K
}
Event: 9.972 GC heap before
{Heap before GC invocations=9 (full 1):
 PSYoungGen      total 27648K, used 27562K [0x00000000f5580000, 0x00000000f7500000, 0x0000000100000000)
  eden space 24064K, 100% used [0x00000000f5580000,0x00000000f6d00000,0x00000000f6d00000)
  from space 3584K, 97% used [0x00000000f6e00000,0x00000000f716abc8,0x00000000f7180000)
  to   space 3584K, 0% used [0x00000000f7180000,0x00000000f7180000,0x00000000f7500000)
 ParOldGen       total 68608K, used 10533K [0x00000000e0000000, 0x00000000e4300000, 0x00000000f5580000)
  object space 68608K, 15% used [0x00000000e0000000,0x00000000e0a49660,0x00000000e4300000)
 Metaspace       used 32580K, committed 33344K, reserved 1114112K
  class space    used 3198K, committed 3520K, reserved 1048576K
}
Event: 9.975 GC heap after
{Heap after GC invocations=9 (full 1):
 PSYoungGen      total 27136K, used 3554K [0x00000000f5580000, 0x00000000f7500000, 0x0000000100000000)
  eden space 23552K, 0% used [0x00000000f5580000,0x00000000f5580000,0x00000000f6c80000)
  from space 3584K, 99% used [0x00000000f7180000,0x00000000f74f8bf8,0x00000000f7500000)
  to   space 4096K, 0% used [0x00000000f6d00000,0x00000000f6d00000,0x00000000f7100000)
 ParOldGen       total 68608K, used 10725K [0x00000000e0000000, 0x00000000e4300000, 0x00000000f5580000)
  object space 68608K, 15% used [0x00000000e0000000,0x00000000e0a79660,0x00000000e4300000)
 Metaspace       used 32580K, committed 33344K, reserved 1114112K
  class space    used 3198K, committed 3520K, reserved 1048576K
}
Event: 10.443 GC heap before
{Heap before GC invocations=10 (full 1):
 PSYoungGen      total 27136K, used 23402K [0x00000000f5580000, 0x00000000f7500000, 0x0000000100000000)
  eden space 23552K, 84% used [0x00000000f5580000,0x00000000f68e1d28,0x00000000f6c80000)
  from space 3584K, 99% used [0x00000000f7180000,0x00000000f74f8bf8,0x00000000f7500000)
  to   space 4096K, 0% used [0x00000000f6d00000,0x00000000f6d00000,0x00000000f7100000)
 ParOldGen       total 68608K, used 10725K [0x00000000e0000000, 0x00000000e4300000, 0x00000000f5580000)
  object space 68608K, 15% used [0x00000000e0000000,0x00000000e0a79660,0x00000000e4300000)
 Metaspace       used 35048K, committed 35840K, reserved 1114112K
  class space    used 3474K, committed 3840K, reserved 1048576K
}
Event: 10.448 GC heap after
{Heap after GC invocations=10 (full 1):
 PSYoungGen      total 25600K, used 2019K [0x00000000f5580000, 0x00000000f7280000, 0x0000000100000000)
  eden space 23552K, 0% used [0x00000000f5580000,0x00000000f5580000,0x00000000f6c80000)
  from space 2048K, 98% used [0x00000000f6d00000,0x00000000f6ef8e88,0x00000000f6f00000)
  to   space 3072K, 0% used [0x00000000f6f80000,0x00000000f6f80000,0x00000000f7280000)
 ParOldGen       total 68608K, used 13626K [0x00000000e0000000, 0x00000000e4300000, 0x00000000f5580000)
  object space 68608K, 19% used [0x00000000e0000000,0x00000000e0d4ea00,0x00000000e4300000)
 Metaspace       used 35048K, committed 35840K, reserved 1114112K
  class space    used 3474K, committed 3840K, reserved 1048576K
}
Event: 10.448 GC heap before
{Heap before GC invocations=11 (full 2):
 PSYoungGen      total 25600K, used 2019K [0x00000000f5580000, 0x00000000f7280000, 0x0000000100000000)
  eden space 23552K, 0% used [0x00000000f5580000,0x00000000f5580000,0x00000000f6c80000)
  from space 2048K, 98% used [0x00000000f6d00000,0x00000000f6ef8e88,0x00000000f6f00000)
  to   space 3072K, 0% used [0x00000000f6f80000,0x00000000f6f80000,0x00000000f7280000)
 ParOldGen       total 68608K, used 13626K [0x00000000e0000000, 0x00000000e4300000, 0x00000000f5580000)
  object space 68608K, 19% used [0x00000000e0000000,0x00000000e0d4ea00,0x00000000e4300000)
 Metaspace       used 35048K, committed 35840K, reserved 1114112K
  class space    used 3474K, committed 3840K, reserved 1048576K
}
Event: 10.497 GC heap after
{Heap after GC invocations=11 (full 2):
 PSYoungGen      total 25600K, used 0K [0x00000000f5580000, 0x00000000f7280000, 0x0000000100000000)
  eden space 23552K, 0% used [0x00000000f5580000,0x00000000f5580000,0x00000000f6c80000)
  from space 2048K, 0% used [0x00000000f6d00000,0x00000000f6d00000,0x00000000f6f00000)
  to   space 3072K, 0% used [0x00000000f6f80000,0x00000000f6f80000,0x00000000f7280000)
 ParOldGen       total 68608K, used 14575K [0x00000000e0000000, 0x00000000e4300000, 0x00000000f5580000)
  object space 68608K, 21% used [0x00000000e0000000,0x00000000e0e3be78,0x00000000e4300000)
 Metaspace       used 35048K, committed 35840K, reserved 1114112K
  class space    used 3474K, committed 3840K, reserved 1048576K
}
Event: 11.505 GC heap before
{Heap before GC invocations=12 (full 2):
 PSYoungGen      total 25600K, used 23541K [0x00000000f5580000, 0x00000000f7280000, 0x0000000100000000)
  eden space 23552K, 99% used [0x00000000f5580000,0x00000000f6c7d4d8,0x00000000f6c80000)
  from space 2048K, 0% used [0x00000000f6d00000,0x00000000f6d00000,0x00000000f6f00000)
  to   space 3072K, 0% used [0x00000000f6f80000,0x00000000f6f80000,0x00000000f7280000)
 ParOldGen       total 68608K, used 14575K [0x00000000e0000000, 0x00000000e4300000, 0x00000000f5580000)
  object space 68608K, 21% used [0x00000000e0000000,0x00000000e0e3be78,0x00000000e4300000)
 Metaspace       used 38522K, committed 39360K, reserved 1114112K
  class space    used 3953K, committed 4352K, reserved 1048576K
}
Event: 11.507 GC heap after
{Heap after GC invocations=12 (full 2):
 PSYoungGen      total 24064K, used 861K [0x00000000f5580000, 0x00000000f7080000, 0x0000000100000000)
  eden space 23040K, 0% used [0x00000000f5580000,0x00000000f5580000,0x00000000f6c00000)
  from space 1024K, 84% used [0x00000000f6f80000,0x00000000f7057490,0x00000000f7080000)
  to   space 1536K, 0% used [0x00000000f6d80000,0x00000000f6d80000,0x00000000f6f00000)
 ParOldGen       total 68608K, used 14583K [0x00000000e0000000, 0x00000000e4300000, 0x00000000f5580000)
  object space 68608K, 21% used [0x00000000e0000000,0x00000000e0e3de78,0x00000000e4300000)
 Metaspace       used 38522K, committed 39360K, reserved 1114112K
  class space    used 3953K, committed 4352K, reserved 1048576K
}
Event: 12.282 GC heap before
{Heap before GC invocations=13 (full 2):
 PSYoungGen      total 24064K, used 23901K [0x00000000f5580000, 0x00000000f7080000, 0x0000000100000000)
  eden space 23040K, 100% used [0x00000000f5580000,0x00000000f6c00000,0x00000000f6c00000)
  from space 1024K, 84% used [0x00000000f6f80000,0x00000000f7057490,0x00000000f7080000)
  to   space 1536K, 0% used [0x00000000f6d80000,0x00000000f6d80000,0x00000000f6f00000)
 ParOldGen       total 68608K, used 14583K [0x00000000e0000000, 0x00000000e4300000, 0x00000000f5580000)
  object space 68608K, 21% used [0x00000000e0000000,0x00000000e0e3de78,0x00000000e4300000)
 Metaspace       used 41064K, committed 42048K, reserved 1114112K
  class space    used 4244K, committed 4672K, reserved 1048576K
}
Event: 12.286 GC heap after
{Heap after GC invocations=13 (full 2):
 PSYoungGen      total 24064K, used 1289K [0x00000000f5580000, 0x00000000f7000000, 0x0000000100000000)
  eden space 22528K, 0% used [0x00000000f5580000,0x00000000f5580000,0x00000000f6b80000)
  from space 1536K, 83% used [0x00000000f6d80000,0x00000000f6ec27c8,0x00000000f6f00000)
  to   space 1024K, 0% used [0x00000000f6f00000,0x00000000f6f00000,0x00000000f7000000)
 ParOldGen       total 68608K, used 15352K [0x00000000e0000000, 0x00000000e4300000, 0x00000000f5580000)
  object space 68608K, 22% used [0x00000000e0000000,0x00000000e0efe2f0,0x00000000e4300000)
 Metaspace       used 41064K, committed 42048K, reserved 1114112K
  class space    used 4244K, committed 4672K, reserved 1048576K
}
Event: 13.057 GC heap before
{Heap before GC invocations=14 (full 2):
 PSYoungGen      total 24064K, used 23817K [0x00000000f5580000, 0x00000000f7000000, 0x0000000100000000)
  eden space 22528K, 99% used [0x00000000f5580000,0x00000000f6b7fff8,0x00000000f6b80000)
  from space 1536K, 83% used [0x00000000f6d80000,0x00000000f6ec27c8,0x00000000f6f00000)
  to   space 1024K, 0% used [0x00000000f6f00000,0x00000000f6f00000,0x00000000f7000000)
 ParOldGen       total 68608K, used 15352K [0x00000000e0000000, 0x00000000e4300000, 0x00000000f5580000)
  object space 68608K, 22% used [0x00000000e0000000,0x00000000e0efe2f0,0x00000000e4300000)
 Metaspace       used 43460K, committed 44416K, reserved 1114112K
  class space    used 4576K, committed 4992K, reserved 1048576K
}
Event: 13.060 GC heap after
{Heap after GC invocations=14 (full 2):
 PSYoungGen      total 23040K, used 928K [0x00000000f5580000, 0x00000000f7000000, 0x0000000100000000)
  eden space 22016K, 0% used [0x00000000f5580000,0x00000000f5580000,0x00000000f6b00000)
  from space 1024K, 90% used [0x00000000f6f00000,0x00000000f6fe8000,0x00000000f7000000)
  to   space 1536K, 0% used [0x00000000f6d00000,0x00000000f6d00000,0x00000000f6e80000)
 ParOldGen       total 68608K, used 16544K [0x00000000e0000000, 0x00000000e4300000, 0x00000000f5580000)
  object space 68608K, 24% used [0x00000000e0000000,0x00000000e1028358,0x00000000e4300000)
 Metaspace       used 43460K, committed 44416K, reserved 1114112K
  class space    used 4576K, committed 4992K, reserved 1048576K
}
Event: 14.395 GC heap before
{Heap before GC invocations=15 (full 2):
 PSYoungGen      total 23040K, used 22944K [0x00000000f5580000, 0x00000000f7000000, 0x0000000100000000)
  eden space 22016K, 100% used [0x00000000f5580000,0x00000000f6b00000,0x00000000f6b00000)
  from space 1024K, 90% used [0x00000000f6f00000,0x00000000f6fe8000,0x00000000f7000000)
  to   space 1536K, 0% used [0x00000000f6d00000,0x00000000f6d00000,0x00000000f6e80000)
 ParOldGen       total 68608K, used 16544K [0x00000000e0000000, 0x00000000e4300000, 0x00000000f5580000)
  object space 68608K, 24% used [0x00000000e0000000,0x00000000e1028358,0x00000000e4300000)
 Metaspace       used 46044K, committed 47040K, reserved 1114112K
  class space    used 4915K, committed 5312K, reserved 1048576K
}
Event: 14.399 GC heap after
{Heap after GC invocations=15 (full 2):
 PSYoungGen      total 23552K, used 1535K [0x00000000f5580000, 0x00000000f7100000, 0x0000000100000000)
  eden space 22016K, 0% used [0x00000000f5580000,0x00000000f5580000,0x00000000f6b00000)
  from space 1536K, 99% used [0x00000000f6d00000,0x00000000f6e7fe58,0x00000000f6e80000)
  to   space 2560K, 0% used [0x00000000f6e80000,0x00000000f6e80000,0x00000000f7100000)
 ParOldGen       total 68608K, used 17720K [0x00000000e0000000, 0x00000000e4300000, 0x00000000f5580000)
  object space 68608K, 25% used [0x00000000e0000000,0x00000000e114e268,0x00000000e4300000)
 Metaspace       used 46044K, committed 47040K, reserved 1114112K
  class space    used 4915K, committed 5312K, reserved 1048576K
}

Dll operation events (10 events):
Event: 0.019 Loaded shared library c:\Users\samsung\.vscode\extensions\redhat.java-1.24.0-win32-x64\jre\17.0.8.1-win32-x86_64\bin\java.dll
Event: 0.638 Loaded shared library c:\Users\samsung\.vscode\extensions\redhat.java-1.24.0-win32-x64\jre\17.0.8.1-win32-x86_64\bin\zip.dll
Event: 0.644 Loaded shared library C:\Users\samsung\.vscode\extensions\redhat.java-1.24.0-win32-x64\jre\17.0.8.1-win32-x86_64\bin\instrument.dll
Event: 0.666 Loaded shared library C:\Users\samsung\.vscode\extensions\redhat.java-1.24.0-win32-x64\jre\17.0.8.1-win32-x86_64\bin\net.dll
Event: 0.670 Loaded shared library C:\Users\samsung\.vscode\extensions\redhat.java-1.24.0-win32-x64\jre\17.0.8.1-win32-x86_64\bin\nio.dll
Event: 0.685 Loaded shared library C:\Users\samsung\.vscode\extensions\redhat.java-1.24.0-win32-x64\jre\17.0.8.1-win32-x86_64\bin\zip.dll
Event: 0.737 Loaded shared library C:\Users\samsung\.vscode\extensions\redhat.java-1.24.0-win32-x64\jre\17.0.8.1-win32-x86_64\bin\jimage.dll
Event: 0.909 Loaded shared library c:\Users\samsung\.vscode\extensions\redhat.java-1.24.0-win32-x64\jre\17.0.8.1-win32-x86_64\bin\verify.dll
Event: 3.907 Loaded shared library C:\Users\samsung\AppData\Roaming\Code\User\globalStorage\redhat.java\1.24.0\config_win\org.eclipse.equinox.launcher\org.eclipse.equinox.launcher.win32.win32.x86_64_1.2.700.v20221108-1024\eclipse_11801.dll
Event: 11.524 Loaded shared library C:\Users\samsung\AppData\Local\Temp\jna-1864941562\jna12691144836339745366.dll

Deoptimization events (20 events):
Event: 14.620 Thread 0x000002427b0d62d0 Uncommon trap: trap_request=0xffffffd6 fr.pc=0x0000024207bfcc50 relative=0x00000000000000b0
Event: 14.620 Thread 0x000002427b0d62d0 Uncommon trap: reason=array_check action=maybe_recompile pc=0x0000024207bfcc50 method=java.util.stream.Nodes$FixedNodeBuilder.accept(Ljava/lang/Object;)V @ 28 c2
Event: 14.620 Thread 0x000002427b0d62d0 DEOPT PACKING pc=0x0000024207bfcc50 sp=0x000000622d7fe530
Event: 14.620 Thread 0x000002427b0d62d0 DEOPT UNPACKING pc=0x00000242075866a3 sp=0x000000622d7fe4c0 mode 2
Event: 14.870 Thread 0x000002427b0d62d0 Uncommon trap: trap_request=0xffffff45 fr.pc=0x0000024207cb9b68 relative=0x0000000000000c68
Event: 14.870 Thread 0x000002427b0d62d0 Uncommon trap: reason=unstable_if action=reinterpret pc=0x0000024207cb9b68 method=java.util.TreeMap.put(Ljava/lang/Object;Ljava/lang/Object;Z)Ljava/lang/Object; @ 27 c2
Event: 14.870 Thread 0x000002427b0d62d0 DEOPT PACKING pc=0x0000024207cb9b68 sp=0x000000622d7fe3a0
Event: 14.870 Thread 0x000002427b0d62d0 DEOPT UNPACKING pc=0x00000242075866a3 sp=0x000000622d7fe2e8 mode 2
Event: 14.871 Thread 0x000002427b0d62d0 Uncommon trap: trap_request=0xffffff45 fr.pc=0x0000024207cb80e4 relative=0x0000000000000ce4
Event: 14.871 Thread 0x000002427b0d62d0 Uncommon trap: reason=unstable_if action=reinterpret pc=0x0000024207cb80e4 method=java.util.TreeMap.put(Ljava/lang/Object;Ljava/lang/Object;Z)Ljava/lang/Object; @ 27 c2
Event: 14.871 Thread 0x000002427b0d62d0 DEOPT PACKING pc=0x0000024207cb80e4 sp=0x000000622d7fe330
Event: 14.871 Thread 0x000002427b0d62d0 DEOPT UNPACKING pc=0x00000242075866a3 sp=0x000000622d7fe2f0 mode 2
Event: 14.916 Thread 0x000002427b0d62d0 Uncommon trap: trap_request=0xffffff45 fr.pc=0x0000024207bee0c8 relative=0x00000000000001a8
Event: 14.916 Thread 0x000002427b0d62d0 Uncommon trap: reason=unstable_if action=reinterpret pc=0x0000024207bee0c8 method=java.lang.ClassLoader.checkName(Ljava/lang/String;)Z @ 1 c2
Event: 14.916 Thread 0x000002427b0d62d0 DEOPT PACKING pc=0x0000024207bee0c8 sp=0x000000622d7fe160
Event: 14.916 Thread 0x000002427b0d62d0 DEOPT UNPACKING pc=0x00000242075866a3 sp=0x000000622d7fe0f8 mode 2
Event: 14.916 Thread 0x000002427b0d62d0 Uncommon trap: trap_request=0xffffff45 fr.pc=0x0000024207b68a30 relative=0x0000000000001410
Event: 14.916 Thread 0x000002427b0d62d0 Uncommon trap: reason=unstable_if action=reinterpret pc=0x0000024207b68a30 method=lombok.patcher.ScriptManager$OurClassFileTransformer.transform(Ljava/lang/ClassLoader;Ljava/lang/String;Ljava/lang/Class;Ljava/security/ProtectionDomain;[B)[B @ 1 c2
Event: 14.916 Thread 0x000002427b0d62d0 DEOPT PACKING pc=0x0000024207b68a30 sp=0x000000622d7fcc00
Event: 14.916 Thread 0x000002427b0d62d0 DEOPT UNPACKING pc=0x00000242075866a3 sp=0x000000622d7fcb88 mode 2

Classes unloaded (7 events):
Event: 6.451 Thread 0x000002426eb46950 Unloading class 0x000000010024c000 'java/lang/invoke/LambdaForm$MH+0x000000010024c000'
Event: 6.451 Thread 0x000002426eb46950 Unloading class 0x000000010024bc00 'java/lang/invoke/LambdaForm$MH+0x000000010024bc00'
Event: 6.451 Thread 0x000002426eb46950 Unloading class 0x000000010024b800 'java/lang/invoke/LambdaForm$MH+0x000000010024b800'
Event: 6.451 Thread 0x000002426eb46950 Unloading class 0x000000010024b400 'java/lang/invoke/LambdaForm$MH+0x000000010024b400'
Event: 6.451 Thread 0x000002426eb46950 Unloading class 0x000000010024b000 'java/lang/invoke/LambdaForm$BMH+0x000000010024b000'
Event: 6.451 Thread 0x000002426eb46950 Unloading class 0x000000010024ac00 'java/lang/invoke/LambdaForm$DMH+0x000000010024ac00'
Event: 6.451 Thread 0x000002426eb46950 Unloading class 0x0000000100248000 'java/lang/invoke/LambdaForm$DMH+0x0000000100248000'

Classes redefined (0 events):
No events

Internal exceptions (20 events):
Event: 11.592 Thread 0x000002427b24ad60 Exception <a 'java/lang/UnsatisfiedLinkError'{0x00000000f5843330}: La procédure spécifiée est introuvable.
> (0x00000000f5843330) 
thrown [s\src\hotspot\share\prims\jni.cpp, line 535]
Event: 11.602 Thread 0x000002427b24ad60 Exception <a 'java/io/FileNotFoundException'{0x00000000f5868b60}> (0x00000000f5868b60) 
thrown [s\src\hotspot\share\prims\jni.cpp, line 516]
Event: 11.645 Thread 0x000002427b24ad60 Exception <a 'java/lang/UnsatisfiedLinkError'{0x00000000f5a6a318}: La procédure spécifiée est introuvable.
> (0x00000000f5a6a318) 
thrown [s\src\hotspot\share\prims\jni.cpp, line 535]
Event: 11.699 Thread 0x000002427b24ad60 Exception <a 'java/lang/NoSuchMethodError'{0x00000000f5c76a68}: 'java.lang.Object java.lang.invoke.DirectMethodHandle$Holder.invokeStaticInit(java.lang.Object, int)'> (0x00000000f5c76a68) 
thrown [s\src\hotspot\share\interpreter\linkResolver.cpp, line 759]
Event: 11.873 Thread 0x000002426ea91dd0 Exception <a 'sun/nio/fs/WindowsException'{0x00000000f5e49778}> (0x00000000f5e49778) 
thrown [s\src\hotspot\share\prims\jni.cpp, line 516]
Event: 11.914 Thread 0x000002426ea91dd0 Exception <a 'java/lang/NoSuchMethodError'{0x00000000f616e150}: 'java.lang.Object java.lang.invoke.DirectMethodHandle$Holder.invokeStatic(java.lang.Object, java.lang.Object, long, java.lang.Object)'> (0x00000000f616e150) 
thrown [s\src\hotspot\share\interpreter\linkResolver.cpp, line 759]
Event: 11.914 Thread 0x000002426ea91dd0 Exception <a 'java/lang/NoSuchMethodError'{0x00000000f6171e38}: 'java.lang.Object java.lang.invoke.DirectMethodHandle$Holder.invokeStaticInit(java.lang.Object, java.lang.Object, long, java.lang.Object)'> (0x00000000f6171e38) 
thrown [s\src\hotspot\share\interpreter\linkResolver.cpp, line 759]
Event: 11.915 Thread 0x000002426ea91dd0 Exception <a 'java/lang/NoSuchMethodError'{0x00000000f6178930}: 'java.lang.Object java.lang.invoke.DirectMethodHandle$Holder.newInvokeSpecial(java.lang.Object, java.lang.Object, long)'> (0x00000000f6178930) 
thrown [s\src\hotspot\share\interpreter\linkResolver.cpp, line 759]
Event: 12.162 Thread 0x000002426ea91dd0 Exception <a 'java/lang/NoSuchMethodError'{0x00000000f665cae8}: 'void java.lang.invoke.DirectMethodHandle$Holder.invokeStatic(java.lang.Object, java.lang.Object, java.lang.Object, java.lang.Object)'> (0x00000000f665cae8) 
thrown [s\src\hotspot\share\interpreter\linkResolver.cpp, line 759]
Event: 12.584 Thread 0x000002426ea91dd0 Exception <a 'java/lang/NoSuchMethodError'{0x00000000f61eef80}: 'void java.lang.invoke.DirectMethodHandle$Holder.invokeSpecial(java.lang.Object, java.lang.Object, java.lang.Object, java.lang.Object, java.lang.Object, java.lang.Object)'> (0x00000000f61eef80) 
thrown [s\src\hotspot\share\interpreter\linkResolver.cpp, line 759]
Event: 12.586 Thread 0x000002426ea91dd0 Exception <a 'java/lang/IncompatibleClassChangeError'{0x00000000f61f8a30}: Found class java.lang.Object, but interface was expected> (0x00000000f61f8a30) 
thrown [s\src\hotspot\share\interpreter\linkResolver.cpp, line 826]
Event: 14.121 Thread 0x000002427b50d220 Exception <a 'java/io/FileNotFoundException'{0x00000000f6654c60}> (0x00000000f6654c60) 
thrown [s\src\hotspot\share\prims\jni.cpp, line 516]
Event: 14.856 Thread 0x000002427b0d62d0 Exception <a 'java/lang/NoSuchMethodError'{0x00000000f6398770}: 'void java.lang.invoke.DirectMethodHandle$Holder.invokeStaticInit(java.lang.Object, java.lang.Object, java.lang.Object)'> (0x00000000f6398770) 
thrown [s\src\hotspot\share\interpreter\linkResolver.cpp, line 759]
Event: 14.864 Thread 0x000002427b0d62d0 Exception <a 'java/lang/ExceptionInInitializerError'{0x00000000f63ccb80}> (0x00000000f63ccb80) 
thrown [s\src\hotspot\share\oops\instanceKlass.cpp, line 1218]
Event: 14.870 Thread 0x000002427b0d62d0 Implicit null exception at 0x0000024207cb8f4b to 0x0000024207cb9b50
Event: 14.871 Thread 0x000002427b0d62d0 Implicit null exception at 0x0000024207cb744f to 0x0000024207cb80cc
Event: 14.916 Thread 0x000002427b0d62d0 Implicit null exception at 0x0000024207bedf2f to 0x0000024207bee0bc
Event: 14.916 Thread 0x000002427b0d62d0 Implicit null exception at 0x0000024207b67669 to 0x0000024207b68a10
Event: 14.921 Thread 0x000002427b0d62d0 Exception <a 'java/lang/NoSuchMethodError'{0x00000000f6548840}: 'java.lang.Object java.lang.invoke.Invokers$Holder.invokeExact_MT(java.lang.Object, int, java.lang.Object)'> (0x00000000f6548840) 
thrown [s\src\hotspot\share\interpreter\linkResolver.cpp, line 759]
Event: 14.963 Thread 0x000002427b0d62d0 Exception <a 'java/lang/NoSuchMethodError'{0x00000000f65d68f8}: 'int java.lang.invoke.DirectMethodHandle$Holder.invokeSpecial(java.lang.Object, java.lang.Object, java.lang.Object, java.lang.Object)'> (0x00000000f65d68f8) 
thrown [s\src\hotspot\share\interpreter\linkResolver.cpp, line 759]

VM Operations (20 events):
Event: 13.052 Executing VM operation: ParallelGCFailedAllocation
Event: 13.060 Executing VM operation: ParallelGCFailedAllocation done
Event: 14.040 Executing VM operation: HandshakeAllThreads
Event: 14.040 Executing VM operation: HandshakeAllThreads done
Event: 14.042 Executing VM operation: HandshakeAllThreads
Event: 14.045 Executing VM operation: HandshakeAllThreads done
Event: 14.094 Executing VM operation: HandshakeAllThreads
Event: 14.094 Executing VM operation: HandshakeAllThreads done
Event: 14.094 Executing VM operation: Cleanup
Event: 14.099 Executing VM operation: Cleanup done
Event: 14.099 Executing VM operation: HandshakeAllThreads
Event: 14.105 Executing VM operation: HandshakeAllThreads done
Event: 14.128 Executing VM operation: HandshakeAllThreads
Event: 14.223 Executing VM operation: HandshakeAllThreads done
Event: 14.395 Executing VM operation: ParallelGCFailedAllocation
Event: 14.399 Executing VM operation: ParallelGCFailedAllocation done
Event: 14.503 Executing VM operation: HandshakeAllThreads
Event: 14.503 Executing VM operation: HandshakeAllThreads done
Event: 15.036 Executing VM operation: HandshakeAllThreads
Event: 15.036 Executing VM operation: HandshakeAllThreads done

Events (20 events):
Event: 14.582 loading class java/util/concurrent/CompletionService
Event: 14.583 loading class java/util/concurrent/CompletionService done
Event: 14.633 loading class java/nio/channels/SocketChannel
Event: 14.634 loading class java/nio/channels/NetworkChannel
Event: 14.634 loading class java/nio/channels/NetworkChannel done
Event: 14.634 loading class java/nio/channels/spi/AbstractSelectableChannel
Event: 14.635 loading class java/nio/channels/spi/AbstractSelectableChannel done
Event: 14.635 loading class java/nio/channels/SocketChannel done
Event: 14.635 loading class java/nio/channels/ServerSocketChannel
Event: 14.635 loading class java/nio/channels/ServerSocketChannel done
Event: 14.639 loading class javax/net/ssl/SSLSocketFactory
Event: 14.639 loading class javax/net/SocketFactory
Event: 14.640 loading class javax/net/SocketFactory done
Event: 14.640 loading class javax/net/ssl/SSLSocketFactory done
Event: 14.729 Thread 0x000002427c310270 Thread exited: 0x000002427c310270
Event: 14.862 loading class java/lang/ExceptionInInitializerError
Event: 14.862 loading class java/lang/ExceptionInInitializerError done
Event: 14.919 loading class java/util/function/ToIntFunction
Event: 14.920 loading class java/util/function/ToIntFunction done
Event: 14.943 Thread 0x000002427c5f3fe0 Thread added: 0x000002427c5f3fe0


Dynamic libraries:
0x00007ff774220000 - 0x00007ff77422e000 	c:\Users\samsung\.vscode\extensions\redhat.java-1.24.0-win32-x64\jre\17.0.8.1-win32-x86_64\bin\java.exe
0x00007ff9e9b70000 - 0x00007ff9e9d67000 	C:\WINDOWS\SYSTEM32\ntdll.dll
0x00007ff9e9750000 - 0x00007ff9e980d000 	C:\WINDOWS\System32\KERNEL32.DLL
0x00007ff9e78d0000 - 0x00007ff9e7bc6000 	C:\WINDOWS\System32\KERNELBASE.dll
0x00007ff9e73d0000 - 0x00007ff9e74d0000 	C:\WINDOWS\System32\ucrtbase.dll
0x00007ff9e05d0000 - 0x00007ff9e05e7000 	c:\Users\samsung\.vscode\extensions\redhat.java-1.24.0-win32-x64\jre\17.0.8.1-win32-x86_64\bin\jli.dll
0x00007ff9e8780000 - 0x00007ff9e891e000 	C:\WINDOWS\System32\USER32.dll
0x00007ff9e7520000 - 0x00007ff9e7542000 	C:\WINDOWS\System32\win32u.dll
0x00007ff9e7bd0000 - 0x00007ff9e7bfc000 	C:\WINDOWS\System32\GDI32.dll
0x00007ff9e75c0000 - 0x00007ff9e76da000 	C:\WINDOWS\System32\gdi32full.dll
0x00007ff9e7280000 - 0x00007ff9e731d000 	C:\WINDOWS\System32\msvcp_win.dll
0x00007ff9e0ff0000 - 0x00007ff9e1009000 	c:\Users\samsung\.vscode\extensions\redhat.java-1.24.0-win32-x64\jre\17.0.8.1-win32-x86_64\bin\VCRUNTIME140.dll
0x00007ff9d51d0000 - 0x00007ff9d546a000 	C:\WINDOWS\WinSxS\amd64_microsoft.windows.common-controls_6595b64144ccf1df_6.0.19041.3570_none_60bb2a3971f3e41a\COMCTL32.dll
0x00007ff9e9090000 - 0x00007ff9e912e000 	C:\WINDOWS\System32\msvcrt.dll
0x00007ff9e9060000 - 0x00007ff9e9090000 	C:\WINDOWS\System32\IMM32.DLL
0x00007ff9e2430000 - 0x00007ff9e243c000 	c:\Users\samsung\.vscode\extensions\redhat.java-1.24.0-win32-x64\jre\17.0.8.1-win32-x86_64\bin\vcruntime140_1.dll
0x00007ff9bba60000 - 0x00007ff9bbaf1000 	c:\Users\samsung\.vscode\extensions\redhat.java-1.24.0-win32-x64\jre\17.0.8.1-win32-x86_64\bin\msvcp140.dll
0x00007ff9a5f20000 - 0x00007ff9a6b6c000 	c:\Users\samsung\.vscode\extensions\redhat.java-1.24.0-win32-x64\jre\17.0.8.1-win32-x86_64\bin\server\jvm.dll
0x00007ff9e8b30000 - 0x00007ff9e8bde000 	C:\WINDOWS\System32\ADVAPI32.dll
0x00007ff9e9600000 - 0x00007ff9e969c000 	C:\WINDOWS\System32\sechost.dll
0x00007ff9e9810000 - 0x00007ff9e9936000 	C:\WINDOWS\System32\RPCRT4.dll
0x00007ff9e70b0000 - 0x00007ff9e70fb000 	C:\WINDOWS\SYSTEM32\POWRPROF.dll
0x00007ff9d8820000 - 0x00007ff9d8829000 	C:\WINDOWS\SYSTEM32\WSOCK32.dll
0x00007ff9e9940000 - 0x00007ff9e99ab000 	C:\WINDOWS\System32\WS2_32.dll
0x00007ff9d7bc0000 - 0x00007ff9d7be7000 	C:\WINDOWS\SYSTEM32\WINMM.dll
0x00007ff9df940000 - 0x00007ff9df94a000 	C:\WINDOWS\SYSTEM32\VERSION.dll
0x00007ff9e7090000 - 0x00007ff9e70a2000 	C:\WINDOWS\SYSTEM32\UMPDC.dll
0x00007ff9e5160000 - 0x00007ff9e5172000 	C:\WINDOWS\SYSTEM32\kernel.appcore.dll
0x00007ff9e1030000 - 0x00007ff9e103a000 	c:\Users\samsung\.vscode\extensions\redhat.java-1.24.0-win32-x64\jre\17.0.8.1-win32-x86_64\bin\jimage.dll
0x00007ff9d8270000 - 0x00007ff9d8454000 	C:\WINDOWS\SYSTEM32\DBGHELP.DLL
0x00007ff9d8170000 - 0x00007ff9d81a4000 	C:\WINDOWS\SYSTEM32\dbgcore.DLL
0x00007ff9e7840000 - 0x00007ff9e78c2000 	C:\WINDOWS\System32\bcryptPrimitives.dll
0x00007ff9e02d0000 - 0x00007ff9e02de000 	c:\Users\samsung\.vscode\extensions\redhat.java-1.24.0-win32-x64\jre\17.0.8.1-win32-x86_64\bin\instrument.dll
0x00007ff9dcaa0000 - 0x00007ff9dcac5000 	c:\Users\samsung\.vscode\extensions\redhat.java-1.24.0-win32-x64\jre\17.0.8.1-win32-x86_64\bin\java.dll
0x00007ff9dfb50000 - 0x00007ff9dfb68000 	c:\Users\samsung\.vscode\extensions\redhat.java-1.24.0-win32-x64\jre\17.0.8.1-win32-x86_64\bin\zip.dll
0x00007ff9e8030000 - 0x00007ff9e8774000 	C:\WINDOWS\System32\SHELL32.dll
0x00007ff9e52f0000 - 0x00007ff9e5a8b000 	C:\WINDOWS\SYSTEM32\windows.storage.dll
0x00007ff9e7c70000 - 0x00007ff9e7fc4000 	C:\WINDOWS\System32\combase.dll
0x00007ff9e6bc0000 - 0x00007ff9e6bed000 	C:\WINDOWS\SYSTEM32\Wldp.dll
0x00007ff9e99b0000 - 0x00007ff9e9a5d000 	C:\WINDOWS\System32\SHCORE.dll
0x00007ff9e7fd0000 - 0x00007ff9e8025000 	C:\WINDOWS\System32\shlwapi.dll
0x00007ff9e7180000 - 0x00007ff9e71a5000 	C:\WINDOWS\SYSTEM32\profapi.dll
0x00007ff9dfad0000 - 0x00007ff9dfae9000 	C:\Users\samsung\.vscode\extensions\redhat.java-1.24.0-win32-x64\jre\17.0.8.1-win32-x86_64\bin\net.dll
0x00007ff9de700000 - 0x00007ff9de80a000 	C:\WINDOWS\SYSTEM32\WINHTTP.dll
0x00007ff9e6920000 - 0x00007ff9e698a000 	C:\WINDOWS\system32\mswsock.dll
0x00007ff9deb40000 - 0x00007ff9deb55000 	C:\Users\samsung\.vscode\extensions\redhat.java-1.24.0-win32-x64\jre\17.0.8.1-win32-x86_64\bin\nio.dll
0x00007ff9e0290000 - 0x00007ff9e02a0000 	c:\Users\samsung\.vscode\extensions\redhat.java-1.24.0-win32-x64\jre\17.0.8.1-win32-x86_64\bin\verify.dll
0x00007ff9da110000 - 0x00007ff9da14e000 	C:\Users\samsung\AppData\Roaming\Code\User\globalStorage\redhat.java\1.24.0\config_win\org.eclipse.equinox.launcher\org.eclipse.equinox.launcher.win32.win32.x86_64_1.2.700.v20221108-1024\eclipse_11801.dll
0x00007ff9e8a00000 - 0x00007ff9e8b2b000 	C:\WINDOWS\System32\ole32.dll
0x00007ff9e6b10000 - 0x00007ff9e6b28000 	C:\WINDOWS\SYSTEM32\CRYPTSP.dll
0x00007ff9e6230000 - 0x00007ff9e6264000 	C:\WINDOWS\system32\rsaenh.dll
0x00007ff9e7250000 - 0x00007ff9e7277000 	C:\WINDOWS\System32\bcrypt.dll
0x00007ff9e7140000 - 0x00007ff9e716e000 	C:\WINDOWS\SYSTEM32\USERENV.dll
0x00007ff9e6b30000 - 0x00007ff9e6b3c000 	C:\WINDOWS\SYSTEM32\CRYPTBASE.dll
0x00007ff9e6610000 - 0x00007ff9e664b000 	C:\WINDOWS\SYSTEM32\IPHLPAPI.DLL
0x00007ff9e8be0000 - 0x00007ff9e8be8000 	C:\WINDOWS\System32\NSI.dll
0x00007ff9df5a0000 - 0x00007ff9df5b7000 	C:\WINDOWS\SYSTEM32\dhcpcsvc6.DLL
0x00007ff9df900000 - 0x00007ff9df91d000 	C:\WINDOWS\SYSTEM32\dhcpcsvc.DLL
0x00007ff9e6650000 - 0x00007ff9e671a000 	C:\WINDOWS\SYSTEM32\DNSAPI.dll
0x00007ff9d60c0000 - 0x00007ff9d6105000 	C:\Users\samsung\AppData\Local\Temp\jna-1864941562\jna12691144836339745366.dll
0x00007ff9e8ca0000 - 0x00007ff9e8ca8000 	C:\WINDOWS\System32\PSAPI.DLL

dbghelp: loaded successfully - version: 4.0.5 - missing functions: none
symbol engine: initialized successfully - sym options: 0x614 - pdb path: .;c:\Users\samsung\.vscode\extensions\redhat.java-1.24.0-win32-x64\jre\17.0.8.1-win32-x86_64\bin;C:\WINDOWS\SYSTEM32;C:\WINDOWS\WinSxS\amd64_microsoft.windows.common-controls_6595b64144ccf1df_6.0.19041.3570_none_60bb2a3971f3e41a;c:\Users\samsung\.vscode\extensions\redhat.java-1.24.0-win32-x64\jre\17.0.8.1-win32-x86_64\bin\server;C:\Users\samsung\AppData\Roaming\Code\User\globalStorage\redhat.java\1.24.0\config_win\org.eclipse.equinox.launcher\org.eclipse.equinox.launcher.win32.win32.x86_64_1.2.700.v20221108-1024;C:\Users\samsung\AppData\Local\Temp\jna-1864941562

VM Arguments:
jvm_args: --add-modules=ALL-SYSTEM --add-opens=java.base/java.util=ALL-UNNAMED --add-opens=java.base/java.lang=ALL-UNNAMED --add-opens=java.base/sun.nio.fs=ALL-UNNAMED -Declipse.application=org.eclipse.jdt.ls.core.id1 -Dosgi.bundles.defaultStartLevel=4 -Declipse.product=org.eclipse.jdt.ls.core.product -Djava.import.generatesMetadataFilesAtProjectRoot=false -DDetectVMInstallationsJob.disabled=true -Dfile.encoding=utf8 -XX:+UseParallelGC -XX:GCTimeRatio=4 -XX:AdaptiveSizePolicyWeight=90 -Dsun.zip.disableMemoryMapping=true -Xmx1G -Xms100m -Xlog:disable -javaagent:c:\Users\samsung\.vscode\extensions\redhat.java-1.24.0-win32-x64\lombok\lombok-1.18.30.jar -XX:+HeapDumpOnOutOfMemoryError -XX:HeapDumpPath=c:\Users\samsung\AppData\Roaming\Code\User\workspaceStorage\d710593f1daf7342bfd89a5feb1447e8\redhat.java -Daether.dependencyCollector.impl=bf -Xmx512M 
java_command: c:\Users\samsung\.vscode\extensions\redhat.java-1.24.0-win32-x64\server\plugins\org.eclipse.equinox.launcher_1.6.500.v20230717-2134.jar -configuration c:\Users\samsung\AppData\Roaming\Code\User\globalStorage\redhat.java\1.24.0\config_win -data c:\Users\samsung\AppData\Roaming\Code\User\workspaceStorage\d710593f1daf7342bfd89a5feb1447e8\redhat.java\jdt_ws --stdio
java_class_path (initial): c:\Users\samsung\.vscode\extensions\redhat.java-1.24.0-win32-x64\server\plugins\org.eclipse.equinox.launcher_1.6.500.v20230717-2134.jar
Launcher Type: SUN_STANDARD

[Global flags]
    uintx AdaptiveSizePolicyWeight                 = 90                                        {product} {command line}
     intx CICompilerCount                          = 4                                         {product} {ergonomic}
    uintx GCTimeRatio                              = 4                                         {product} {command line}
     bool HeapDumpOnOutOfMemoryError               = true                                   {manageable} {command line}
    ccstr HeapDumpPath                             = c:\Users\samsung\AppData\Roaming\Code\User\workspaceStorage\d710593f1daf7342bfd89a5feb1447e8\redhat.java         {manageable} {command line}
   size_t InitialHeapSize                          = 104857600                                 {product} {command line}
   size_t MaxHeapSize                              = 536870912                                 {product} {command line}
   size_t MaxNewSize                               = 178782208                                 {product} {ergonomic}
   size_t MinHeapDeltaBytes                        = 524288                                    {product} {ergonomic}
   size_t MinHeapSize                              = 104857600                                 {product} {command line}
   size_t NewSize                                  = 34603008                                  {product} {ergonomic}
    uintx NonNMethodCodeHeapSize                   = 5839372                                {pd product} {ergonomic}
    uintx NonProfiledCodeHeapSize                  = 122909434                              {pd product} {ergonomic}
   size_t OldSize                                  = 70254592                                  {product} {ergonomic}
    uintx ProfiledCodeHeapSize                     = 122909434                              {pd product} {ergonomic}
    uintx ReservedCodeCacheSize                    = 251658240                              {pd product} {ergonomic}
     bool SegmentedCodeCache                       = true                                      {product} {ergonomic}
   size_t SoftMaxHeapSize                          = 536870912                              {manageable} {ergonomic}
     bool UseCompressedClassPointers               = true                           {product lp64_product} {ergonomic}
     bool UseCompressedOops                        = true                           {product lp64_product} {ergonomic}
     bool UseLargePagesIndividualAllocation        = false                                  {pd product} {ergonomic}
     bool UseParallelGC                            = true                                      {product} {command line}

Logging:
Log output configuration:
 #0: stdout all=off uptime,level,tags
 #1: stderr all=off uptime,level,tags

Environment Variables:
JAVA_HOME=C:\Program Files (x86)\Java\jdk1.8.0_202
_JAVA_OPTIONS=-Xmx512M
PATH=C:\Python312\Scripts\;C:\Python312\;C:\oraclexe\app\oracle\product\11.2.0\server\bin;;C:\Program Files (x86)\Common Files\Oracle\Java\javapath;C:\Windows\System32\wbem;C:\Program Files\Git\cmd;C:\Program Files (x86)\Java\jdk1.8.0_202\bin;C:\Program Files (x86)\Java\jdk1.8.0_202\bin;;C:\WINDOWS\system32;C:\WINDOWS;C:\WINDOWS\System32\Wbem;C:\WINDOWS\System32\WindowsPowerShell\v1.0\;C:\WINDOWS\System32\OpenSSH\;C:\Program Files\nodejs\;C:\ProgramData\chocolatey\bin;C:\Program Files\PostgreSQL\15\bin;C:\Program Files\JetBrains\PyCharm Community Edition 2023.1.2\bin;;C:\Windows\system32;C:\Windows;C:\Windows\System32\Wbem;C:\Windows\System32\WindowsPowerShell\v1.0\;C:\Users\samsung\AppData\Local\Programs\Python\Python310\Scripts;C:\Users\samsung\AppData\Local\Programs\Microsoft VS Code\bin;C:\src\flutter\bin;C:\Program Files (x86)\Java\jdk1.8.0_202\bin;;C:\Users\samsung\AppData\Local\Microsoft\WindowsApps;C:\Users\samsung\AppData\Roaming\npm
USERNAME=samsung
OS=Windows_NT
PROCESSOR_IDENTIFIER=Intel64 Family 6 Model 60 Stepping 3, GenuineIntel
TMP=C:\Users\samsung\AppData\Local\Temp
TEMP=C:\Users\samsung\AppData\Local\Temp



---------------  S Y S T E M  ---------------

OS:
 Windows 10 , 64 bit Build 19041 (10.0.19041.3570)
OS uptime: 0 days 3:44 hours

CPU: total 8 (initial active 8) (4 cores per cpu, 2 threads per core) family 6 model 60 stepping 3 microcode 0x27, cx8, cmov, fxsr, ht, mmx, sse, sse2, sse3, ssse3, sse4.1, sse4.2, popcnt, lzcnt, tsc, tscinvbit, avx, avx2, aes, erms, clmul, bmi1, bmi2, fma, vzeroupper, clflush
Processor Information for all 8 processors :
  Max Mhz: 2501, Current Mhz: 2400, Mhz Limit: 2475

Memory: 4k page, system-wide physical 16299M (546M free)
TotalPageFile size 20395M (AvailPageFile size 10M)
current process WorkingSet (physical memory assigned to process): 188M, peak: 190M
current process commit charge ("private bytes"): 266M, peak: 268M

vm_info: OpenJDK 64-Bit Server VM (17.0.8.1+1) for windows-amd64 JRE (17.0.8.1+1), built on Aug 23 2023 15:29:17 by "admin" with MS VC++ 16.7 (VS2019)

END.
